<?xml version="1.0" encoding="UTF-8"?>
<!-- Generated by org.testng.reporters.JUnitReportReporter -->
<testsuite hostname="Vishal-ASUS" failures="0" tests="3" name="dockerRelatedStuff.ForParallelTest3" time="13.667" errors="0" timestamp="2024-11-10T08:55:12 IST" skipped="0">
  <testcase classname="dockerRelatedStuff.ForParallelTest3" name="Test01" time="3.292"/>
  <testcase classname="dockerRelatedStuff.ForParallelTest3" name="Test03" time="5.111"/>
  <testcase classname="dockerRelatedStuff.ForParallelTest3" name="Test02" time="5.264"/>
</testsuite> <!-- dockerRelatedStuff.ForParallelTest3 -->
