<?xml version="1.0" encoding="UTF-8"?>
<!-- Generated by org.testng.reporters.JUnitReportReporter -->
<testsuite hostname="Vishal-ASUS" failures="0" tests="1" name="executionWithBatch.StopDocker" time="11.222" errors="0" timestamp="2024-11-10T08:31:07 IST" skipped="0">
  <testcase classname="executionWithBatch.StopDocker" name="startDockerServer" time="11.222"/>
</testsuite> <!-- executionWithBatch.StopDocker -->
