<?xml version="1.0" encoding="UTF-8"?>
<!-- Generated by org.testng.reporters.JUnitReportReporter -->
<testsuite hostname="Vishal-ASUS" failures="0" tests="3" name="dockerRelatedStuff.ForParallelTest" time="26.629" errors="0" timestamp="2024-11-10T08:55:12 IST" skipped="0">
  <testcase classname="dockerRelatedStuff.ForParallelTest" name="Test02" time="9.462"/>
  <testcase classname="dockerRelatedStuff.ForParallelTest" name="Test03" time="11.185"/>
  <testcase classname="dockerRelatedStuff.ForParallelTest" name="Test01" time="5.982"/>
</testsuite> <!-- dockerRelatedStuff.ForParallelTest -->
