<?xml version="1.0" encoding="UTF-8"?>
<!-- Generated by org.testng.reporters.JUnitReportReporter -->
<testsuite hostname="Vishal-ASUS" failures="0" tests="3" name="dockerRelatedStuff.ForParallelTest2" time="14.332" errors="0" timestamp="2024-11-10T08:55:12 IST" skipped="0">
  <testcase classname="dockerRelatedStuff.ForParallelTest2" name="Test03" time="5.297"/>
  <testcase classname="dockerRelatedStuff.ForParallelTest2" name="Test02" time="6.046"/>
  <testcase classname="dockerRelatedStuff.ForParallelTest2" name="Test01" time="2.989"/>
</testsuite> <!-- dockerRelatedStuff.ForParallelTest2 -->
