<?xml version="1.0" encoding="UTF-8"?>
<!-- Generated by org.testng.reporters.JUnitReportReporter -->
<testsuite hostname="Vishal-ASUS" failures="0" tests="1" name="executionWithBatch.StartDocker" time="8.093" errors="0" timestamp="2024-11-10T08:42:46 IST" skipped="0">
  <testcase classname="executionWithBatch.StartDocker" name="startDockerServer" time="8.093"/>
</testsuite> <!-- executionWithBatch.StartDocker -->
